2024-03-13 20:13:52.733  INFO 42792 --- [restartedMain] l.m.community.CommunityApplication       : Starting CommunityApplication on LAPTOP-A3Q82V36 with PID 42792 (E:\Programming\Projects\community\target\classes started by 37991 in E:\Programming\Projects\community)
2024-03-13 20:13:52.735  INFO 42792 --- [restartedMain] l.m.community.CommunityApplication       : No active profile set, falling back to default profiles: default
2024-03-13 20:13:52.763  INFO 42792 --- [restartedMain] .e.DevToolsPropertyDefaultsPostProcessor : Devtools property defaults active! Set 'spring.devtools.add-properties' to 'false' to disable
2024-03-13 20:13:52.763  INFO 42792 --- [restartedMain] .e.DevToolsPropertyDefaultsPostProcessor : For additional web related logging consider setting the 'logging.level.web' property to 'DEBUG'
2024-03-13 20:13:53.226  INFO 42792 --- [restartedMain] .s.d.r.c.RepositoryConfigurationDelegate : Bootstrapping Spring Data repositories in DEFAULT mode.
2024-03-13 20:13:53.244  INFO 42792 --- [restartedMain] .s.d.r.c.RepositoryConfigurationDelegate : Finished Spring Data repository scanning in 13ms. Found 0 repository interfaces.
2024-03-13 20:13:53.463  INFO 42792 --- [restartedMain] trationDelegate$BeanPostProcessorChecker : Bean 'org.springframework.transaction.annotation.ProxyTransactionManagementConfiguration' of type [org.springframework.transaction.annotation.ProxyTransactionManagementConfiguration$$EnhancerBySpringCGLIB$$267cae1a] is not eligible for getting processed by all BeanPostProcessors (for example: not eligible for auto-proxying)
2024-03-13 20:13:53.716  INFO 42792 --- [restartedMain] o.s.b.w.embedded.tomcat.TomcatWebServer  : Tomcat initialized with port(s): 8887 (http)
2024-03-13 20:13:53.731  INFO 42792 --- [restartedMain] o.apache.catalina.core.StandardService   : Starting service [Tomcat]
2024-03-13 20:13:53.732  INFO 42792 --- [restartedMain] org.apache.catalina.core.StandardEngine  : Starting Servlet engine: [Apache Tomcat/9.0.21]
2024-03-13 20:13:53.852  INFO 42792 --- [restartedMain] o.a.c.c.C.[Tomcat].[localhost].[/]       : Initializing Spring embedded WebApplicationContext
2024-03-13 20:13:53.852  INFO 42792 --- [restartedMain] o.s.web.context.ContextLoader            : Root WebApplicationContext: initialization completed in 1088 ms
2024-03-13 20:13:53.951  INFO 42792 --- [restartedMain] com.zaxxer.hikari.HikariDataSource       : HikariPool-1 - Starting...
2024-03-13 20:13:54.031  INFO 42792 --- [restartedMain] com.zaxxer.hikari.HikariDataSource       : HikariPool-1 - Start completed.
2024-03-13 20:13:54.066  INFO 42792 --- [restartedMain] o.hibernate.jpa.internal.util.LogHelper  : HHH000204: Processing PersistenceUnitInfo [
	name: default
	...]
2024-03-13 20:13:54.139  INFO 42792 --- [restartedMain] org.hibernate.Version                    : HHH000412: Hibernate Core {5.3.10.Final}
2024-03-13 20:13:54.141  INFO 42792 --- [restartedMain] org.hibernate.cfg.Environment            : HHH000206: hibernate.properties not found
2024-03-13 20:13:54.228  INFO 42792 --- [restartedMain] o.hibernate.annotations.common.Version   : HCANN000001: Hibernate Commons Annotations {5.0.4.Final}
2024-03-13 20:13:54.350  INFO 42792 --- [restartedMain] org.hibernate.dialect.Dialect            : HHH000400: Using dialect: org.hibernate.dialect.MySQL5InnoDBDialect
2024-03-13 20:13:54.500  INFO 42792 --- [restartedMain] j.LocalContainerEntityManagerFactoryBean : Initialized JPA EntityManagerFactory for persistence unit 'default'
2024-03-13 20:13:54.526  INFO 42792 --- [restartedMain] o.s.b.d.a.OptionalLiveReloadServer       : LiveReload server is running on port 35729
2024-03-13 20:13:54.864  INFO 42792 --- [restartedMain] o.s.s.concurrent.ThreadPoolTaskExecutor  : Initializing ExecutorService 'applicationTaskExecutor'
2024-03-13 20:13:54.888  WARN 42792 --- [restartedMain] aWebConfiguration$JpaWebMvcConfiguration : spring.jpa.open-in-view is enabled by default. Therefore, database queries may be performed during view rendering. Explicitly configure spring.jpa.open-in-view to disable this warning
2024-03-13 20:13:54.957  INFO 42792 --- [restartedMain] o.s.b.a.w.s.WelcomePageHandlerMapping    : Adding welcome page template: index
2024-03-13 20:13:55.094  INFO 42792 --- [restartedMain] o.s.b.w.embedded.tomcat.TomcatWebServer  : Tomcat started on port(s): 8887 (http) with context path ''
2024-03-13 20:13:55.096  INFO 42792 --- [restartedMain] l.m.community.CommunityApplication       : Started CommunityApplication in 2.606 seconds (JVM running for 5.338)
